<component name="libraryTable">
  <library name="junit4.4">
    <CLASSES>
      <root url="jar://$PROJECT_DIR$/web/WEB-INF/lib/junit4.4.jar!/" />
    </CLASSES>
    <JAVADOC />
    <SOURCES />
  </library>
</component>